# JRE version: OpenJDK Runtime Environment Temurin-21.0.8+9 (21.0.8+9) (build 21.0.8+9-LTS)
# Java VM: OpenJDK 64-Bit Server VM Temurin-21.0.8+9 (21.0.8+9-LTS, mixed mode, sharing, tiered, compressed oops, compressed class ptrs, parallel gc, windows-amd64)
GC Precious Log:
 CardTable entry size: 512
 CPUs: 8 total, 8 available
 Memory: 5965M
 Large Page Support: Disabled
 NUMA Support: Disabled
 Compressed Oops: Enabled (32-bit)
 Alignments: Space 512K, Generation 512K, Heap 2M
 Heap Min Capacity: 100M
 Heap Initial Capacity: 100M
 Heap Max Capacity: 2G
 Pre-touch: Disabled
 Parallel Workers: 8
Heap:
 PSYoungGen      total 5120K, used 3227K [0x00000000d5580000, 0x00000000d5b80000, 0x0000000100000000)
  eden space 4096K, 63% used [0x00000000d5580000,0x00000000d580ef80,0x00000000d5980000)
  from space 1024K, 59% used [0x00000000d5a80000,0x00000000d5b18000,0x00000000d5b80000)
  to   space 1024K, 0% used [0x00000000d5980000,0x00000000d5980000,0x00000000d5a80000)
 ParOldGen       total 521216K, used 147450K [0x0000000080000000, 0x000000009fd00000, 0x00000000d5580000)
  object space 521216K, 28% used [0x0000000080000000,0x0000000088ffebb0,0x000000009fd00000)
 Metaspace       used 85672K, committed 87808K, reserved 1179648K
  class space    used 8967K, committed 9920K, reserved 1048576K
GC Heap History (20 events):
Event: 99600.445 GC heap before
{Heap before GC invocations=741 (full 4):
 PSYoungGen      total 2560K, used 2535K [0x00000000d5580000, 0x00000000d6200000, 0x0000000100000000)
  eden space 2048K, 99% used [0x00000000d5580000,0x00000000d577ffd8,0x00000000d5780000)
  from space 512K, 95% used [0x00000000d5b80000,0x00000000d5bf9e80,0x00000000d5c00000)
  to   space 4096K, 0% used [0x00000000d5780000,0x00000000d5780000,0x00000000d5b80000)
 ParOldGen       total 521216K, used 139772K [0x0000000080000000, 0x000000009fd00000, 0x00000000d5580000)
  object space 521216K, 26% used [0x0000000080000000,0x000000008887f300,0x000000009fd00000)
 Metaspace       used 85620K, committed 87808K, reserved 1179648K
  class space    used 8965K, committed 9920K, reserved 1048576K
}
Event: 99600.453 GC heap after
{Heap after GC invocations=741 (full 4):
 PSYoungGen      total 4096K, used 1775K [0x00000000d5580000, 0x00000000d5d00000, 0x0000000100000000)
  eden space 2048K, 0% used [0x00000000d5580000,0x00000000d5580000,0x00000000d5780000)
  from space 2048K, 86% used [0x00000000d5780000,0x00000000d593bd00,0x00000000d5980000)
  to   space 2560K, 0% used [0x00000000d5a80000,0x00000000d5a80000,0x00000000d5d00000)
 ParOldGen       total 521216K, used 140300K [0x0000000080000000, 0x000000009fd00000, 0x00000000d5580000)
  object space 521216K, 26% used [0x0000000080000000,0x0000000088903180,0x000000009fd00000)
 Metaspace       used 85620K, committed 87808K, reserved 1179648K
  class space    used 8965K, committed 9920K, reserved 1048576K
}
Event: 99600.458 GC heap before
{Heap before GC invocations=742 (full 4):
 PSYoungGen      total 4096K, used 3823K [0x00000000d5580000, 0x00000000d5d00000, 0x0000000100000000)
  eden space 2048K, 100% used [0x00000000d5580000,0x00000000d5780000,0x00000000d5780000)
  from space 2048K, 86% used [0x00000000d5780000,0x00000000d593bd00,0x00000000d5980000)
  to   space 2560K, 0% used [0x00000000d5a80000,0x00000000d5a80000,0x00000000d5d00000)
 ParOldGen       total 521216K, used 140300K [0x0000000080000000, 0x000000009fd00000, 0x00000000d5580000)
  object space 521216K, 26% used [0x0000000080000000,0x0000000088903180,0x000000009fd00000)
 Metaspace       used 85620K, committed 87808K, reserved 1179648K
  class space    used 8965K, committed 9920K, reserved 1048576K
}
Event: 99600.472 GC heap after
{Heap after GC invocations=742 (full 4):
 PSYoungGen      total 5120K, used 2016K [0x00000000d5580000, 0x00000000d5d00000, 0x0000000100000000)
  eden space 2560K, 0% used [0x00000000d5580000,0x00000000d5580000,0x00000000d5800000)
  from space 2560K, 78% used [0x00000000d5a80000,0x00000000d5c78000,0x00000000d5d00000)
  to   space 2560K, 0% used [0x00000000d5800000,0x00000000d5800000,0x00000000d5a80000)
 ParOldGen       total 521216K, used 142011K [0x0000000080000000, 0x000000009fd00000, 0x00000000d5580000)
  object space 521216K, 27% used [0x0000000080000000,0x0000000088aaee80,0x000000009fd00000)
 Metaspace       used 85620K, committed 87808K, reserved 1179648K
  class space    used 8965K, committed 9920K, reserved 1048576K
}
Event: 99613.024 GC heap before
{Heap before GC invocations=743 (full 4):
 PSYoungGen      total 5120K, used 4576K [0x00000000d5580000, 0x00000000d5d00000, 0x0000000100000000)
  eden space 2560K, 100% used [0x00000000d5580000,0x00000000d5800000,0x00000000d5800000)
  from space 2560K, 78% used [0x00000000d5a80000,0x00000000d5c78000,0x00000000d5d00000)
  to   space 2560K, 0% used [0x00000000d5800000,0x00000000d5800000,0x00000000d5a80000)
 ParOldGen       total 521216K, used 142011K [0x0000000080000000, 0x000000009fd00000, 0x00000000d5580000)
  object space 521216K, 27% used [0x0000000080000000,0x0000000088aaee80,0x000000009fd00000)
 Metaspace       used 85620K, committed 87808K, reserved 1179648K
  class space    used 8965K, committed 9920K, reserved 1048576K
}
Event: 99613.041 GC heap after
{Heap after GC invocations=743 (full 4):
 PSYoungGen      total 3584K, used 980K [0x00000000d5580000, 0x00000000d5b80000, 0x0000000100000000)
  eden space 2560K, 0% used [0x00000000d5580000,0x00000000d5580000,0x00000000d5800000)
  from space 1024K, 95% used [0x00000000d5800000,0x00000000d58f5200,0x00000000d5900000)
  to   space 1536K, 0% used [0x00000000d5a00000,0x00000000d5a00000,0x00000000d5b80000)
 ParOldGen       total 521216K, used 143971K [0x0000000080000000, 0x000000009fd00000, 0x00000000d5580000)
  object space 521216K, 27% used [0x0000000080000000,0x0000000088c98e80,0x000000009fd00000)
 Metaspace       used 85620K, committed 87808K, reserved 1179648K
  class space    used 8965K, committed 9920K, reserved 1048576K
}
Event: 99613.159 GC heap before
{Heap before GC invocations=744 (full 4):
 PSYoungGen      total 3584K, used 3540K [0x00000000d5580000, 0x00000000d5b80000, 0x0000000100000000)
  eden space 2560K, 100% used [0x00000000d5580000,0x00000000d5800000,0x00000000d5800000)
  from space 1024K, 95% used [0x00000000d5800000,0x00000000d58f5200,0x00000000d5900000)
  to   space 1536K, 0% used [0x00000000d5a00000,0x00000000d5a00000,0x00000000d5b80000)
 ParOldGen       total 521216K, used 143971K [0x0000000080000000, 0x000000009fd00000, 0x00000000d5580000)
  object space 521216K, 27% used [0x0000000080000000,0x0000000088c98e80,0x000000009fd00000)
 Metaspace       used 85621K, committed 87808K, reserved 1179648K
  class space    used 8965K, committed 9920K, reserved 1048576K
}
Event: 99613.175 GC heap after
{Heap after GC invocations=744 (full 4):
 PSYoungGen      total 4096K, used 640K [0x00000000d5580000, 0x00000000d5b00000, 0x0000000100000000)
  eden space 3072K, 0% used [0x00000000d5580000,0x00000000d5580000,0x00000000d5880000)
  from space 1024K, 62% used [0x00000000d5a00000,0x00000000d5aa0000,0x00000000d5b00000)
  to   space 1024K, 0% used [0x00000000d5900000,0x00000000d5900000,0x00000000d5a00000)
 ParOldGen       total 521216K, used 144888K [0x0000000080000000, 0x000000009fd00000, 0x00000000d5580000)
  object space 521216K, 27% used [0x0000000080000000,0x0000000088d7e080,0x000000009fd00000)
 Metaspace       used 85621K, committed 87808K, reserved 1179648K
  class space    used 8965K, committed 9920K, reserved 1048576K
}
Event: 99613.190 GC heap before
{Heap before GC invocations=745 (full 4):
 PSYoungGen      total 4096K, used 3712K [0x00000000d5580000, 0x00000000d5b00000, 0x0000000100000000)
  eden space 3072K, 100% used [0x00000000d5580000,0x00000000d5880000,0x00000000d5880000)
  from space 1024K, 62% used [0x00000000d5a00000,0x00000000d5aa0000,0x00000000d5b00000)
  to   space 1024K, 0% used [0x00000000d5900000,0x00000000d5900000,0x00000000d5a00000)
 ParOldGen       total 521216K, used 144888K [0x0000000080000000, 0x000000009fd00000, 0x00000000d5580000)
  object space 521216K, 27% used [0x0000000080000000,0x0000000088d7e080,0x000000009fd00000)
 Metaspace       used 85621K, committed 87808K, reserved 1179648K
  class space    used 8965K, committed 9920K, reserved 1048576K
}
Event: 99613.196 GC heap after
{Heap after GC invocations=745 (full 4):
 PSYoungGen      total 4608K, used 320K [0x00000000d5580000, 0x00000000d5a80000, 0x0000000100000000)
  eden space 3584K, 0% used [0x00000000d5580000,0x00000000d5580000,0x00000000d5900000)
  from space 1024K, 31% used [0x00000000d5900000,0x00000000d5950000,0x00000000d5a00000)
  to   space 512K, 0% used [0x00000000d5a00000,0x00000000d5a00000,0x00000000d5a80000)
 ParOldGen       total 521216K, used 145469K [0x0000000080000000, 0x000000009fd00000, 0x00000000d5580000)
  object space 521216K, 27% used [0x0000000080000000,0x0000000088e0f4b8,0x000000009fd00000)
 Metaspace       used 85621K, committed 87808K, reserved 1179648K
  class space    used 8965K, committed 9920K, reserved 1048576K
}
Event: 99613.305 GC heap before
{Heap before GC invocations=746 (full 4):
 PSYoungGen      total 4608K, used 3904K [0x00000000d5580000, 0x00000000d5a80000, 0x0000000100000000)
  eden space 3584K, 100% used [0x00000000d5580000,0x00000000d5900000,0x00000000d5900000)
  from space 1024K, 31% used [0x00000000d5900000,0x00000000d5950000,0x00000000d5a00000)
  to   space 512K, 0% used [0x00000000d5a00000,0x00000000d5a00000,0x00000000d5a80000)
 ParOldGen       total 521216K, used 145469K [0x0000000080000000, 0x000000009fd00000, 0x00000000d5580000)
  object space 521216K, 27% used [0x0000000080000000,0x0000000088e0f4b8,0x000000009fd00000)
 Metaspace       used 85621K, committed 87808K, reserved 1179648K
  class space    used 8965K, committed 9920K, reserved 1048576K
}
Event: 99613.308 GC heap after
{Heap after GC invocations=746 (full 4):
 PSYoungGen      total 4608K, used 448K [0x00000000d5580000, 0x00000000d5b00000, 0x0000000100000000)
  eden space 4096K, 0% used [0x00000000d5580000,0x00000000d5580000,0x00000000d5980000)
  from space 512K, 87% used [0x00000000d5a00000,0x00000000d5a70000,0x00000000d5a80000)
  to   space 512K, 0% used [0x00000000d5980000,0x00000000d5980000,0x00000000d5a00000)
 ParOldGen       total 521216K, used 145653K [0x0000000080000000, 0x000000009fd00000, 0x00000000d5580000)
  object space 521216K, 27% used [0x0000000080000000,0x0000000088e3d4d8,0x000000009fd00000)
 Metaspace       used 85621K, committed 87808K, reserved 1179648K
  class space    used 8965K, committed 9920K, reserved 1048576K
}
Event: 99614.098 GC heap before
{Heap before GC invocations=747 (full 4):
 PSYoungGen      total 4608K, used 4544K [0x00000000d5580000, 0x00000000d5b00000, 0x0000000100000000)
  eden space 4096K, 100% used [0x00000000d5580000,0x00000000d5980000,0x00000000d5980000)
  from space 512K, 87% used [0x00000000d5a00000,0x00000000d5a70000,0x00000000d5a80000)
  to   space 512K, 0% used [0x00000000d5980000,0x00000000d5980000,0x00000000d5a00000)
 ParOldGen       total 521216K, used 145653K [0x0000000080000000, 0x000000009fd00000, 0x00000000d5580000)
  object space 521216K, 27% used [0x0000000080000000,0x0000000088e3d4d8,0x000000009fd00000)
 Metaspace       used 85638K, committed 87808K, reserved 1179648K
  class space    used 8966K, committed 9920K, reserved 1048576K
}
Event: 99614.101 GC heap after
{Heap after GC invocations=747 (full 4):
 PSYoungGen      total 4608K, used 512K [0x00000000d5580000, 0x00000000d5b80000, 0x0000000100000000)
  eden space 4096K, 0% used [0x00000000d5580000,0x00000000d5580000,0x00000000d5980000)
  from space 512K, 100% used [0x00000000d5980000,0x00000000d5a00000,0x00000000d5a00000)
  to   space 1024K, 0% used [0x00000000d5a80000,0x00000000d5a80000,0x00000000d5b80000)
 ParOldGen       total 521216K, used 146031K [0x0000000080000000, 0x000000009fd00000, 0x00000000d5580000)
  object space 521216K, 28% used [0x0000000080000000,0x0000000088e9be18,0x000000009fd00000)
 Metaspace       used 85638K, committed 87808K, reserved 1179648K
  class space    used 8966K, committed 9920K, reserved 1048576K
}
Event: 99614.145 GC heap before
{Heap before GC invocations=748 (full 4):
 PSYoungGen      total 4608K, used 4608K [0x00000000d5580000, 0x00000000d5b80000, 0x0000000100000000)
  eden space 4096K, 100% used [0x00000000d5580000,0x00000000d5980000,0x00000000d5980000)
  from space 512K, 100% used [0x00000000d5980000,0x00000000d5a00000,0x00000000d5a00000)
  to   space 1024K, 0% used [0x00000000d5a80000,0x00000000d5a80000,0x00000000d5b80000)
 ParOldGen       total 521216K, used 146031K [0x0000000080000000, 0x000000009fd00000, 0x00000000d5580000)
  object space 521216K, 28% used [0x0000000080000000,0x0000000088e9be18,0x000000009fd00000)
 Metaspace       used 85640K, committed 87808K, reserved 1179648K
  class space    used 8966K, committed 9920K, reserved 1048576K
}
Event: 99614.152 GC heap after
{Heap after GC invocations=748 (full 4):
 PSYoungGen      total 5120K, used 826K [0x00000000d5580000, 0x00000000d5b80000, 0x0000000100000000)
  eden space 4096K, 0% used [0x00000000d5580000,0x00000000d5580000,0x00000000d5980000)
  from space 1024K, 80% used [0x00000000d5a80000,0x00000000d5b4e900,0x00000000d5b80000)
  to   space 1024K, 0% used [0x00000000d5980000,0x00000000d5980000,0x00000000d5a80000)
 ParOldGen       total 521216K, used 146505K [0x0000000080000000, 0x000000009fd00000, 0x00000000d5580000)
  object space 521216K, 28% used [0x0000000080000000,0x0000000088f12538,0x000000009fd00000)
 Metaspace       used 85640K, committed 87808K, reserved 1179648K
  class space    used 8966K, committed 9920K, reserved 1048576K
}
Event: 99614.179 GC heap before
{Heap before GC invocations=749 (full 4):
 PSYoungGen      total 5120K, used 4922K [0x00000000d5580000, 0x00000000d5b80000, 0x0000000100000000)
  eden space 4096K, 100% used [0x00000000d5580000,0x00000000d5980000,0x00000000d5980000)
  from space 1024K, 80% used [0x00000000d5a80000,0x00000000d5b4e900,0x00000000d5b80000)
  to   space 1024K, 0% used [0x00000000d5980000,0x00000000d5980000,0x00000000d5a80000)
 ParOldGen       total 521216K, used 146505K [0x0000000080000000, 0x000000009fd00000, 0x00000000d5580000)
  object space 521216K, 28% used [0x0000000080000000,0x0000000088f12538,0x000000009fd00000)
 Metaspace       used 85643K, committed 87808K, reserved 1179648K
  class space    used 8966K, committed 9920K, reserved 1048576K
}
Event: 99614.186 GC heap after
{Heap after GC invocations=749 (full 4):
 PSYoungGen      total 5120K, used 384K [0x00000000d5580000, 0x00000000d5b80000, 0x0000000100000000)
  eden space 4096K, 0% used [0x00000000d5580000,0x00000000d5580000,0x00000000d5980000)
  from space 1024K, 37% used [0x00000000d5980000,0x00000000d59e0000,0x00000000d5a80000)
  to   space 1024K, 0% used [0x00000000d5a80000,0x00000000d5a80000,0x00000000d5b80000)
 ParOldGen       total 521216K, used 147202K [0x0000000080000000, 0x000000009fd00000, 0x00000000d5580000)
  object space 521216K, 28% used [0x0000000080000000,0x0000000088fc0b90,0x000000009fd00000)
 Metaspace       used 85643K, committed 87808K, reserved 1179648K
  class space    used 8966K, committed 9920K, reserved 1048576K
}
Event: 99614.224 GC heap before
{Heap before GC invocations=750 (full 4):
 PSYoungGen      total 5120K, used 4480K [0x00000000d5580000, 0x00000000d5b80000, 0x0000000100000000)
  eden space 4096K, 100% used [0x00000000d5580000,0x00000000d5980000,0x00000000d5980000)
  from space 1024K, 37% used [0x00000000d5980000,0x00000000d59e0000,0x00000000d5a80000)
  to   space 1024K, 0% used [0x00000000d5a80000,0x00000000d5a80000,0x00000000d5b80000)
 ParOldGen       total 521216K, used 147202K [0x0000000080000000, 0x000000009fd00000, 0x00000000d5580000)
  object space 521216K, 28% used [0x0000000080000000,0x0000000088fc0b90,0x000000009fd00000)
 Metaspace       used 85646K, committed 87808K, reserved 1179648K
  class space    used 8966K, committed 9920K, reserved 1048576K
}
Event: 99614.231 GC heap after
{Heap after GC invocations=750 (full 4):
 PSYoungGen      total 5120K, used 608K [0x00000000d5580000, 0x00000000d5b80000, 0x0000000100000000)
  eden space 4096K, 0% used [0x00000000d5580000,0x00000000d5580000,0x00000000d5980000)
  from space 1024K, 59% used [0x00000000d5a80000,0x00000000d5b18000,0x00000000d5b80000)
  to   space 1024K, 0% used [0x00000000d5980000,0x00000000d5980000,0x00000000d5a80000)
 ParOldGen       total 521216K, used 147450K [0x0000000080000000, 0x000000009fd00000, 0x00000000d5580000)
  object space 521216K, 28% used [0x0000000080000000,0x0000000088ffebb0,0x000000009fd00000)
 Metaspace       used 85646K, committed 87808K, reserved 1179648K
  class space    used 8966K, committed 9920K, reserved 1048576K
}

