# JRE version: OpenJDK Runtime Environment Temurin-21.0.9+10 (21.0.9+10) (build 21.0.9+10-LTS)
# Java VM: OpenJDK 64-Bit Server VM Temurin-21.0.9+10 (21.0.9+10-LTS, mixed mode, sharing, tiered, compressed oops, compressed class ptrs, parallel gc, windows-amd64)
GC Precious Log:
 CardTable entry size: 512
 CPUs: 8 total, 8 available
 Memory: 5965M
 Large Page Support: Disabled
 NUMA Support: Disabled
 Compressed Oops: Enabled (32-bit)
 Alignments: Space 512K, Generation 512K, Heap 2M
 Heap Min Capacity: 100M
 Heap Initial Capacity: 100M
 Heap Max Capacity: 2G
 Pre-touch: Disabled
 Parallel Workers: 8
Heap:
 PSYoungGen      total 23040K, used 12321K [0x00000000d5580000, 0x00000000d7080000, 0x0000000100000000)
  eden space 22016K, 53% used [0x00000000d5580000,0x00000000d60fa370,0x00000000d6b00000)
  from space 1024K, 55% used [0x00000000d6f80000,0x00000000d700e1e0,0x00000000d7080000)
  to   space 1024K, 0% used [0x00000000d6e80000,0x00000000d6e80000,0x00000000d6f80000)
 ParOldGen       total 150528K, used 150231K [0x0000000080000000, 0x0000000089300000, 0x00000000d5580000)
  object space 150528K, 99% used [0x0000000080000000,0x00000000892b5c60,0x0000000089300000)
 Metaspace       used 63740K, committed 65280K, reserved 1114112K
  class space    used 6862K, committed 7488K, reserved 1048576K
GC Heap History (20 events):
Event: 74.061 GC heap before
{Heap before GC invocations=56 (full 3):
 PSYoungGen      total 28672K, used 28671K [0x00000000d5580000, 0x00000000d7480000, 0x0000000100000000)
  eden space 27648K, 100% used [0x00000000d5580000,0x00000000d7080000,0x00000000d7080000)
  from space 1024K, 99% used [0x00000000d7300000,0x00000000d73ffcc8,0x00000000d7400000)
  to   space 2048K, 0% used [0x00000000d7080000,0x00000000d7080000,0x00000000d7280000)
 ParOldGen       total 142336K, used 142138K [0x0000000080000000, 0x0000000088b00000, 0x00000000d5580000)
  object space 142336K, 99% used [0x0000000080000000,0x0000000088ace950,0x0000000088b00000)
 Metaspace       used 62622K, committed 64128K, reserved 1114112K
  class space    used 6791K, committed 7424K, reserved 1048576K
}
Event: 74.063 GC heap after
{Heap after GC invocations=56 (full 3):
 PSYoungGen      total 28672K, used 1380K [0x00000000d5580000, 0x00000000d7380000, 0x0000000100000000)
  eden space 27136K, 0% used [0x00000000d5580000,0x00000000d5580000,0x00000000d7000000)
  from space 1536K, 89% used [0x00000000d7080000,0x00000000d71d91f8,0x00000000d7200000)
  to   space 1536K, 0% used [0x00000000d7200000,0x00000000d7200000,0x00000000d7380000)
 ParOldGen       total 143360K, used 143028K [0x0000000080000000, 0x0000000088c00000, 0x00000000d5580000)
  object space 143360K, 99% used [0x0000000080000000,0x0000000088bad228,0x0000000088c00000)
 Metaspace       used 62622K, committed 64128K, reserved 1114112K
  class space    used 6791K, committed 7424K, reserved 1048576K
}
Event: 75.167 GC heap before
{Heap before GC invocations=57 (full 3):
 PSYoungGen      total 28672K, used 28516K [0x00000000d5580000, 0x00000000d7380000, 0x0000000100000000)
  eden space 27136K, 100% used [0x00000000d5580000,0x00000000d7000000,0x00000000d7000000)
  from space 1536K, 89% used [0x00000000d7080000,0x00000000d71d91f8,0x00000000d7200000)
  to   space 1536K, 0% used [0x00000000d7200000,0x00000000d7200000,0x00000000d7380000)
 ParOldGen       total 143360K, used 143028K [0x0000000080000000, 0x0000000088c00000, 0x00000000d5580000)
  object space 143360K, 99% used [0x0000000080000000,0x0000000088bad228,0x0000000088c00000)
 Metaspace       used 63016K, committed 64512K, reserved 1114112K
  class space    used 6817K, committed 7424K, reserved 1048576K
}
Event: 75.170 GC heap after
{Heap after GC invocations=57 (full 3):
 PSYoungGen      total 27648K, used 1536K [0x00000000d5580000, 0x00000000d7580000, 0x0000000100000000)
  eden space 26112K, 0% used [0x00000000d5580000,0x00000000d5580000,0x00000000d6f00000)
  from space 1536K, 100% used [0x00000000d7200000,0x00000000d7380000,0x00000000d7380000)
  to   space 3072K, 0% used [0x00000000d6f00000,0x00000000d6f00000,0x00000000d7200000)
 ParOldGen       total 144384K, used 144257K [0x0000000080000000, 0x0000000088d00000, 0x00000000d5580000)
  object space 144384K, 99% used [0x0000000080000000,0x0000000088ce0598,0x0000000088d00000)
 Metaspace       used 63016K, committed 64512K, reserved 1114112K
  class space    used 6817K, committed 7424K, reserved 1048576K
}
Event: 75.403 GC heap before
{Heap before GC invocations=58 (full 3):
 PSYoungGen      total 27648K, used 27648K [0x00000000d5580000, 0x00000000d7580000, 0x0000000100000000)
  eden space 26112K, 100% used [0x00000000d5580000,0x00000000d6f00000,0x00000000d6f00000)
  from space 1536K, 100% used [0x00000000d7200000,0x00000000d7380000,0x00000000d7380000)
  to   space 3072K, 0% used [0x00000000d6f00000,0x00000000d6f00000,0x00000000d7200000)
 ParOldGen       total 144384K, used 144257K [0x0000000080000000, 0x0000000088d00000, 0x00000000d5580000)
  object space 144384K, 99% used [0x0000000080000000,0x0000000088ce0598,0x0000000088d00000)
 Metaspace       used 63043K, committed 64512K, reserved 1114112K
  class space    used 6817K, committed 7424K, reserved 1048576K
}
Event: 75.406 GC heap after
{Heap after GC invocations=58 (full 3):
 PSYoungGen      total 26624K, used 758K [0x00000000d5580000, 0x00000000d7280000, 0x0000000100000000)
  eden space 25600K, 0% used [0x00000000d5580000,0x00000000d5580000,0x00000000d6e80000)
  from space 1024K, 74% used [0x00000000d6f00000,0x00000000d6fbdb48,0x00000000d7000000)
  to   space 1536K, 0% used [0x00000000d7100000,0x00000000d7100000,0x00000000d7280000)
 ParOldGen       total 145920K, used 145622K [0x0000000080000000, 0x0000000088e80000, 0x00000000d5580000)
  object space 145920K, 99% used [0x0000000080000000,0x0000000088e35968,0x0000000088e80000)
 Metaspace       used 63043K, committed 64512K, reserved 1114112K
  class space    used 6817K, committed 7424K, reserved 1048576K
}
Event: 75.947 GC heap before
{Heap before GC invocations=59 (full 3):
 PSYoungGen      total 26624K, used 26358K [0x00000000d5580000, 0x00000000d7280000, 0x0000000100000000)
  eden space 25600K, 100% used [0x00000000d5580000,0x00000000d6e80000,0x00000000d6e80000)
  from space 1024K, 74% used [0x00000000d6f00000,0x00000000d6fbdb48,0x00000000d7000000)
  to   space 1536K, 0% used [0x00000000d7100000,0x00000000d7100000,0x00000000d7280000)
 ParOldGen       total 145920K, used 145622K [0x0000000080000000, 0x0000000088e80000, 0x00000000d5580000)
  object space 145920K, 99% used [0x0000000080000000,0x0000000088e35968,0x0000000088e80000)
 Metaspace       used 63122K, committed 64576K, reserved 1114112K
  class space    used 6818K, committed 7424K, reserved 1048576K
}
Event: 75.949 GC heap after
{Heap after GC invocations=59 (full 3):
 PSYoungGen      total 26624K, used 1107K [0x00000000d5580000, 0x00000000d7280000, 0x0000000100000000)
  eden space 25088K, 0% used [0x00000000d5580000,0x00000000d5580000,0x00000000d6e00000)
  from space 1536K, 72% used [0x00000000d7100000,0x00000000d7214e88,0x00000000d7280000)
  to   space 1536K, 0% used [0x00000000d6f80000,0x00000000d6f80000,0x00000000d7100000)
 ParOldGen       total 146432K, used 146031K [0x0000000080000000, 0x0000000088f00000, 0x00000000d5580000)
  object space 146432K, 99% used [0x0000000080000000,0x0000000088e9bee8,0x0000000088f00000)
 Metaspace       used 63122K, committed 64576K, reserved 1114112K
  class space    used 6818K, committed 7424K, reserved 1048576K
}
Event: 76.592 GC heap before
{Heap before GC invocations=60 (full 3):
 PSYoungGen      total 26624K, used 26195K [0x00000000d5580000, 0x00000000d7280000, 0x0000000100000000)
  eden space 25088K, 100% used [0x00000000d5580000,0x00000000d6e00000,0x00000000d6e00000)
  from space 1536K, 72% used [0x00000000d7100000,0x00000000d7214e88,0x00000000d7280000)
  to   space 1536K, 0% used [0x00000000d6f80000,0x00000000d6f80000,0x00000000d7100000)
 ParOldGen       total 146432K, used 146031K [0x0000000080000000, 0x0000000088f00000, 0x00000000d5580000)
  object space 146432K, 99% used [0x0000000080000000,0x0000000088e9bee8,0x0000000088f00000)
 Metaspace       used 63215K, committed 64704K, reserved 1114112K
  class space    used 6818K, committed 7424K, reserved 1048576K
}
Event: 76.595 GC heap after
{Heap after GC invocations=60 (full 3):
 PSYoungGen      total 26112K, used 1125K [0x00000000d5580000, 0x00000000d7180000, 0x0000000100000000)
  eden space 24576K, 0% used [0x00000000d5580000,0x00000000d5580000,0x00000000d6d80000)
  from space 1536K, 73% used [0x00000000d6f80000,0x00000000d70996d0,0x00000000d7100000)
  to   space 512K, 0% used [0x00000000d7100000,0x00000000d7100000,0x00000000d7180000)
 ParOldGen       total 146944K, used 146866K [0x0000000080000000, 0x0000000088f80000, 0x00000000d5580000)
  object space 146944K, 99% used [0x0000000080000000,0x0000000088f6c860,0x0000000088f80000)
 Metaspace       used 63215K, committed 64704K, reserved 1114112K
  class space    used 6818K, committed 7424K, reserved 1048576K
}
Event: 76.873 GC heap before
{Heap before GC invocations=61 (full 3):
 PSYoungGen      total 26112K, used 25701K [0x00000000d5580000, 0x00000000d7180000, 0x0000000100000000)
  eden space 24576K, 100% used [0x00000000d5580000,0x00000000d6d80000,0x00000000d6d80000)
  from space 1536K, 73% used [0x00000000d6f80000,0x00000000d70996d0,0x00000000d7100000)
  to   space 512K, 0% used [0x00000000d7100000,0x00000000d7100000,0x00000000d7180000)
 ParOldGen       total 146944K, used 146866K [0x0000000080000000, 0x0000000088f80000, 0x00000000d5580000)
  object space 146944K, 99% used [0x0000000080000000,0x0000000088f6c860,0x0000000088f80000)
 Metaspace       used 63225K, committed 64704K, reserved 1114112K
  class space    used 6818K, committed 7424K, reserved 1048576K
}
Event: 76.876 GC heap after
{Heap after GC invocations=61 (full 3):
 PSYoungGen      total 24576K, used 499K [0x00000000d5580000, 0x00000000d7200000, 0x0000000100000000)
  eden space 24064K, 0% used [0x00000000d5580000,0x00000000d5580000,0x00000000d6d00000)
  from space 512K, 97% used [0x00000000d7100000,0x00000000d717ce78,0x00000000d7180000)
  to   space 2560K, 0% used [0x00000000d6d00000,0x00000000d6d00000,0x00000000d6f80000)
 ParOldGen       total 148480K, used 148417K [0x0000000080000000, 0x0000000089100000, 0x00000000d5580000)
  object space 148480K, 99% used [0x0000000080000000,0x00000000890f0788,0x0000000089100000)
 Metaspace       used 63225K, committed 64704K, reserved 1114112K
  class space    used 6818K, committed 7424K, reserved 1048576K
}
Event: 77.092 GC heap before
{Heap before GC invocations=62 (full 3):
 PSYoungGen      total 24576K, used 24563K [0x00000000d5580000, 0x00000000d7200000, 0x0000000100000000)
  eden space 24064K, 100% used [0x00000000d5580000,0x00000000d6d00000,0x00000000d6d00000)
  from space 512K, 97% used [0x00000000d7100000,0x00000000d717ce78,0x00000000d7180000)
  to   space 2560K, 0% used [0x00000000d6d00000,0x00000000d6d00000,0x00000000d6f80000)
 ParOldGen       total 148480K, used 148417K [0x0000000080000000, 0x0000000089100000, 0x00000000d5580000)
  object space 148480K, 99% used [0x0000000080000000,0x00000000890f0788,0x0000000089100000)
 Metaspace       used 63329K, committed 64896K, reserved 1114112K
  class space    used 6821K, committed 7424K, reserved 1048576K
}
Event: 77.094 GC heap after
{Heap after GC invocations=62 (full 3):
 PSYoungGen      total 26112K, used 886K [0x00000000d5580000, 0x00000000d7180000, 0x0000000100000000)
  eden space 23552K, 0% used [0x00000000d5580000,0x00000000d5580000,0x00000000d6c80000)
  from space 2560K, 34% used [0x00000000d6d00000,0x00000000d6dddb08,0x00000000d6f80000)
  to   space 1536K, 0% used [0x00000000d7000000,0x00000000d7000000,0x00000000d7180000)
 ParOldGen       total 148992K, used 148890K [0x0000000080000000, 0x0000000089180000, 0x00000000d5580000)
  object space 148992K, 99% used [0x0000000080000000,0x0000000089166a70,0x0000000089180000)
 Metaspace       used 63329K, committed 64896K, reserved 1114112K
  class space    used 6821K, committed 7424K, reserved 1048576K
}
Event: 77.154 GC heap before
{Heap before GC invocations=63 (full 3):
 PSYoungGen      total 26112K, used 24438K [0x00000000d5580000, 0x00000000d7180000, 0x0000000100000000)
  eden space 23552K, 100% used [0x00000000d5580000,0x00000000d6c80000,0x00000000d6c80000)
  from space 2560K, 34% used [0x00000000d6d00000,0x00000000d6dddb08,0x00000000d6f80000)
  to   space 1536K, 0% used [0x00000000d7000000,0x00000000d7000000,0x00000000d7180000)
 ParOldGen       total 148992K, used 148890K [0x0000000080000000, 0x0000000089180000, 0x00000000d5580000)
  object space 148992K, 99% used [0x0000000080000000,0x0000000089166a70,0x0000000089180000)
 Metaspace       used 63332K, committed 64896K, reserved 1114112K
  class space    used 6821K, committed 7424K, reserved 1048576K
}
Event: 77.156 GC heap after
{Heap after GC invocations=63 (full 3):
 PSYoungGen      total 23552K, used 429K [0x00000000d5580000, 0x00000000d7080000, 0x0000000100000000)
  eden space 23040K, 0% used [0x00000000d5580000,0x00000000d5580000,0x00000000d6c00000)
  from space 512K, 83% used [0x00000000d7000000,0x00000000d706b770,0x00000000d7080000)
  to   space 1024K, 0% used [0x00000000d6e80000,0x00000000d6e80000,0x00000000d6f80000)
 ParOldGen       total 149504K, used 149503K [0x0000000080000000, 0x0000000089200000, 0x00000000d5580000)
  object space 149504K, 99% used [0x0000000080000000,0x00000000891ffce8,0x0000000089200000)
 Metaspace       used 63332K, committed 64896K, reserved 1114112K
  class space    used 6821K, committed 7424K, reserved 1048576K
}
Event: 77.237 GC heap before
{Heap before GC invocations=64 (full 3):
 PSYoungGen      total 23552K, used 23469K [0x00000000d5580000, 0x00000000d7080000, 0x0000000100000000)
  eden space 23040K, 100% used [0x00000000d5580000,0x00000000d6c00000,0x00000000d6c00000)
  from space 512K, 83% used [0x00000000d7000000,0x00000000d706b770,0x00000000d7080000)
  to   space 1024K, 0% used [0x00000000d6e80000,0x00000000d6e80000,0x00000000d6f80000)
 ParOldGen       total 149504K, used 149503K [0x0000000080000000, 0x0000000089200000, 0x00000000d5580000)
  object space 149504K, 99% used [0x0000000080000000,0x00000000891ffce8,0x0000000089200000)
 Metaspace       used 63334K, committed 64896K, reserved 1114112K
  class space    used 6821K, committed 7424K, reserved 1048576K
}
Event: 77.238 GC heap after
{Heap after GC invocations=64 (full 3):
 PSYoungGen      total 23552K, used 756K [0x00000000d5580000, 0x00000000d7080000, 0x0000000100000000)
  eden space 22528K, 0% used [0x00000000d5580000,0x00000000d5580000,0x00000000d6b80000)
  from space 1024K, 73% used [0x00000000d6e80000,0x00000000d6f3d3d8,0x00000000d6f80000)
  to   space 1024K, 0% used [0x00000000d6f80000,0x00000000d6f80000,0x00000000d7080000)
 ParOldGen       total 150016K, used 149690K [0x0000000080000000, 0x0000000089280000, 0x00000000d5580000)
  object space 150016K, 99% used [0x0000000080000000,0x000000008922e878,0x0000000089280000)
 Metaspace       used 63334K, committed 64896K, reserved 1114112K
  class space    used 6821K, committed 7424K, reserved 1048576K
}
Event: 77.307 GC heap before
{Heap before GC invocations=65 (full 3):
 PSYoungGen      total 23552K, used 23284K [0x00000000d5580000, 0x00000000d7080000, 0x0000000100000000)
  eden space 22528K, 100% used [0x00000000d5580000,0x00000000d6b80000,0x00000000d6b80000)
  from space 1024K, 73% used [0x00000000d6e80000,0x00000000d6f3d3d8,0x00000000d6f80000)
  to   space 1024K, 0% used [0x00000000d6f80000,0x00000000d6f80000,0x00000000d7080000)
 ParOldGen       total 150016K, used 149690K [0x0000000080000000, 0x0000000089280000, 0x00000000d5580000)
  object space 150016K, 99% used [0x0000000080000000,0x000000008922e878,0x0000000089280000)
 Metaspace       used 63422K, committed 64960K, reserved 1114112K
  class space    used 6829K, committed 7424K, reserved 1048576K
}
Event: 77.309 GC heap after
{Heap after GC invocations=65 (full 3):
 PSYoungGen      total 23040K, used 568K [0x00000000d5580000, 0x00000000d7080000, 0x0000000100000000)
  eden space 22016K, 0% used [0x00000000d5580000,0x00000000d5580000,0x00000000d6b00000)
  from space 1024K, 55% used [0x00000000d6f80000,0x00000000d700e1e0,0x00000000d7080000)
  to   space 1024K, 0% used [0x00000000d6e80000,0x00000000d6e80000,0x00000000d6f80000)
 ParOldGen       total 150528K, used 150231K [0x0000000080000000, 0x0000000089300000, 0x00000000d5580000)
  object space 150528K, 99% used [0x0000000080000000,0x00000000892b5c60,0x0000000089300000)
 Metaspace       used 63422K, committed 64960K, reserved 1114112K
  class space    used 6829K, committed 7424K, reserved 1048576K
}

